<!DOCTYPE html>

<html>
  <head>
  <title>TestNG reports</title>

    <link type="text/css" href="testng-reports.css" rel="stylesheet" />  
    <script type="text/javascript" src="jquery-1.7.1.min.js"></script>
    <script type="text/javascript" src="testng-reports.js"></script>
    <script type="text/javascript" src="https://www.google.com/jsapi"></script>
    <script type='text/javascript'>
      google.load('visualization', '1', {packages:['table']});
      google.setOnLoadCallback(drawTable);
      var suiteTableInitFunctions = new Array();
      var suiteTableData = new Array();
    </script>
    <!--
      <script type="text/javascript" src="jquery-ui/js/jquery-ui-1.8.16.custom.min.js"></script>
     -->
  </head>

  <body>
    <div class="top-banner-root">
      <span class="top-banner-title-font">Test results</span>
      <br/>
      <span class="top-banner-font-1">1 suite, 1 failed test</span>
    </div> <!-- top-banner-root -->
    <div class="navigator-root">
      <div class="navigator-suite-header">
        <span>All suites</span>
        <a href="#" class="collapse-all-link" title="Collapse/expand all the suites">
          <img class="collapse-all-icon" src="collapseall.gif">
          </img> <!-- collapse-all-icon -->
        </a> <!-- collapse-all-link -->
      </div> <!-- navigator-suite-header -->
      <div class="suite">
        <div class="rounded-window">
          <div class="suite-header light-rounded-window-top">
            <a href="#" class="navigator-link" panel-name="suite-Salesforce_UAT_Test_Suite">
              <span class="suite-name border-failed">Salesforce UAT Test Suite</span>
            </a> <!-- navigator-link -->
          </div> <!-- suite-header light-rounded-window-top -->
          <div class="navigator-suite-content">
            <div class="suite-section-title">
              <span>Info</span>
            </div> <!-- suite-section-title -->
            <div class="suite-section-content">
              <ul>
                <li>
                  <a href="#" class="navigator-link " panel-name="test-xml-Salesforce_UAT_Test_Suite">
                    <span>testng.xml</span>
                  </a> <!-- navigator-link  -->
                </li>
                <li>
                  <a href="#" class="navigator-link " panel-name="testlist-Salesforce_UAT_Test_Suite">
                    <span class="test-stats">1 test</span>
                  </a> <!-- navigator-link  -->
                </li>
                <li>
                  <a href="#" class="navigator-link " panel-name="group-Salesforce_UAT_Test_Suite">
                    <span>0 groups</span>
                  </a> <!-- navigator-link  -->
                </li>
                <li>
                  <a href="#" class="navigator-link " panel-name="times-Salesforce_UAT_Test_Suite">
                    <span>Times</span>
                  </a> <!-- navigator-link  -->
                </li>
                <li>
                  <a href="#" class="navigator-link " panel-name="reporter-Salesforce_UAT_Test_Suite">
                    <span>Reporter output</span>
                  </a> <!-- navigator-link  -->
                </li>
                <li>
                  <a href="#" class="navigator-link " panel-name="ignored-methods-Salesforce_UAT_Test_Suite">
                    <span>Ignored methods</span>
                  </a> <!-- navigator-link  -->
                </li>
                <li>
                  <a href="#" class="navigator-link " panel-name="chronological-Salesforce_UAT_Test_Suite">
                    <span>Chronological view</span>
                  </a> <!-- navigator-link  -->
                </li>
              </ul>
            </div> <!-- suite-section-content -->
            <div class="result-section">
              <div class="suite-section-title">
                <span>Results</span>
              </div> <!-- suite-section-title -->
              <div class="suite-section-content">
                <ul>
                  <li>
                    <span class="method-stats">4 methods, 1 failed,   3 passed</span>
                  </li>
                  <li>
                    <span class="method-list-title failed">Failed methods</span>
                    <span class="show-or-hide-methods failed">
                      <a href="#" panel-name="suite-Salesforce_UAT_Test_Suite" class="hide-methods failed suite-Salesforce_UAT_Test_Suite"> (hide)</a> <!-- hide-methods failed suite-Salesforce_UAT_Test_Suite -->
                      <a href="#" panel-name="suite-Salesforce_UAT_Test_Suite" class="show-methods failed suite-Salesforce_UAT_Test_Suite"> (show)</a> <!-- show-methods failed suite-Salesforce_UAT_Test_Suite -->
                    </span>
                    <div class="method-list-content failed suite-Salesforce_UAT_Test_Suite">
                      <span>
                        <img width="3%" src="failed.png"/>
                        <a href="#" class="method navigator-link" panel-name="suite-Salesforce_UAT_Test_Suite" title="UAT.Salesforce.TestSuite.Pack" hash-for-method="testLeads(Standard - £199, , Single Channel)">testLeads(Standard - £199, , Single Channel)</a> <!-- method navigator-link -->
                      </span>
                      <br/>
                    </div> <!-- method-list-content failed suite-Salesforce_UAT_Test_Suite -->
                  </li>
                  <li>
                    <span class="method-list-title passed">Passed methods</span>
                    <span class="show-or-hide-methods passed">
                      <a href="#" panel-name="suite-Salesforce_UAT_Test_Suite" class="hide-methods passed suite-Salesforce_UAT_Test_Suite"> (hide)</a> <!-- hide-methods passed suite-Salesforce_UAT_Test_Suite -->
                      <a href="#" panel-name="suite-Salesforce_UAT_Test_Suite" class="show-methods passed suite-Salesforce_UAT_Test_Suite"> (show)</a> <!-- show-methods passed suite-Salesforce_UAT_Test_Suite -->
                    </span>
                    <div class="method-list-content passed suite-Salesforce_UAT_Test_Suite">
                      <span>
                        <img width="3%" src="passed.png"/>
                        <a href="#" class="method navigator-link" panel-name="suite-Salesforce_UAT_Test_Suite" title="UAT.Salesforce.TestSuite.Login" hash-for-method="loginFunc(sfdcsysadmin@bgch.co.uk.octopus.uat, Liverpool98)">loginFunc(sfdcsysadmin@bgch.co.uk.octopus.uat, Liverpool98)</a> <!-- method navigator-link -->
                      </span>
                      <br/>
                      <span>
                        <img width="3%" src="passed.png"/>
                        <a href="#" class="method navigator-link" panel-name="suite-Salesforce_UAT_Test_Suite" title="UAT.Salesforce.TestSuite.Lead" hash-for-method="testLeads(Mr, Auto, British Gas Website, No Relationship, Upfront, )">testLeads(Mr, Auto, British Gas Website, No Relationship, Upfront, )</a> <!-- method navigator-link -->
                      </span>
                      <br/>
                      <span>
                        <img width="3%" src="passed.png"/>
                        <a href="#" class="method navigator-link" panel-name="suite-Salesforce_UAT_Test_Suite" title="UAT.Salesforce.TestSuite.Add" hash-for-method="testaddress">testaddress</a> <!-- method navigator-link -->
                      </span>
                      <br/>
                    </div> <!-- method-list-content passed suite-Salesforce_UAT_Test_Suite -->
                  </li>
                </ul>
              </div> <!-- suite-section-content -->
            </div> <!-- result-section -->
          </div> <!-- navigator-suite-content -->
        </div> <!-- rounded-window -->
      </div> <!-- suite -->
    </div> <!-- navigator-root -->
    <div class="wrapper">
      <div class="main-panel-root">
        <div panel-name="suite-Salesforce_UAT_Test_Suite" class="panel Salesforce_UAT_Test_Suite">
          <div class="suite-Salesforce_UAT_Test_Suite-class-failed">
            <div class="main-panel-header rounded-window-top">
              <img src="failed.png"/>
              <span class="class-name">UAT.Salesforce.TestSuite.Pack</span>
            </div> <!-- main-panel-header rounded-window-top -->
            <div class="main-panel-content rounded-window-bottom">
              <div class="method">
                <div class="method-content">
                  <a name="testLeads(Standard - £199, , Single Channel)">
                  </a> <!-- testLeads(Standard - £199, , Single Channel) -->
                  <span class="method-name">testLeads</span>
                  <span class="parameters">(Standard - £199, , Single Channel)</span>
                  <div class="stack-trace">org.openqa.selenium.NoSuchElementException: Unable to locate element: {&quot;method&quot;:&quot;xpath&quot;,&quot;selector&quot;:&quot;html/body/div[1]/div[2]/table/tbody/tr/td[2]/form/div/div[1]/table/tbody/tr/td[2]/input[1]&quot;}
Command duration or timeout: 23 milliseconds
For documentation on this error, please visit: http://seleniumhq.org/exceptions/no_such_element.html
Build info: version: &apos;2.47.0&apos;, revision: &apos;0e4837e94b1fad0db93e88cd972ed3e235a22892&apos;, time: &apos;2015-07-29 15:58:41&apos;
System info: host: &apos;c312870.local&apos;, ip: &apos;192.168.1.4&apos;, os.name: &apos;Mac OS X&apos;, os.arch: &apos;x86_64&apos;, os.version: &apos;10.10.3&apos;, java.version: &apos;1.8.0_25&apos;
Driver info: org.openqa.selenium.firefox.FirefoxDriver
Capabilities [{applicationCacheEnabled=true, rotatable=false, handlesAlerts=true, databaseEnabled=true, version=36.0, platform=MAC, nativeEvents=false, acceptSslCerts=true, webStorageEnabled=true, locationContextEnabled=true, browserName=firefox, takesScreenshot=true, javascriptEnabled=true, cssSelectorsEnabled=true}]
Session ID: 82b2ce47-9555-5647-90e6-87d1c0498526
*** Element info: {Using=xpath, value=html/body/div[1]/div[2]/table/tbody/tr/td[2]/form/div/div[1]/table/tbody/tr/td[2]/input[1]}
	at sun.reflect.NativeConstructorAccessorImpl.newInstance0(Native Method)
	at sun.reflect.NativeConstructorAccessorImpl.newInstance(NativeConstructorAccessorImpl.java:62)
	at sun.reflect.DelegatingConstructorAccessorImpl.newInstance(DelegatingConstructorAccessorImpl.java:45)
	at java.lang.reflect.Constructor.newInstance(Constructor.java:408)
	at org.openqa.selenium.remote.ErrorHandler.createThrowable(ErrorHandler.java:206)
	at org.openqa.selenium.remote.ErrorHandler.throwIfResponseFailed(ErrorHandler.java:158)
	at org.openqa.selenium.remote.RemoteWebDriver.execute(RemoteWebDriver.java:595)
	at org.openqa.selenium.remote.RemoteWebDriver.findElement(RemoteWebDriver.java:348)
	at org.openqa.selenium.remote.RemoteWebDriver.findElementByXPath(RemoteWebDriver.java:445)
	at org.openqa.selenium.By$ByXPath.findElement(By.java:358)
	at org.openqa.selenium.remote.RemoteWebDriver.findElement(RemoteWebDriver.java:340)
	at UAT.Salesforce.TestSuite.Pack.testLeads(Pack.java:43)
	at sun.reflect.NativeMethodAccessorImpl.invoke0(Native Method)
	at sun.reflect.NativeMethodAccessorImpl.invoke(NativeMethodAccessorImpl.java:62)
	at sun.reflect.DelegatingMethodAccessorImpl.invoke(DelegatingMethodAccessorImpl.java:43)
	at java.lang.reflect.Method.invoke(Method.java:483)
	at org.testng.internal.MethodInvocationHelper.invokeMethod(MethodInvocationHelper.java:85)
	at org.testng.internal.Invoker.invokeMethod(Invoker.java:648)
	at org.testng.internal.Invoker.invokeTestMethod(Invoker.java:834)
	at org.testng.internal.Invoker.invokeTestMethods(Invoker.java:1142)
	at org.testng.internal.TestMethodWorker.invokeTestMethods(TestMethodWorker.java:124)
	at org.testng.internal.TestMethodWorker.run(TestMethodWorker.java:108)
	at org.testng.TestRunner.privateRun(TestRunner.java:771)
	at org.testng.TestRunner.run(TestRunner.java:621)
	at org.testng.SuiteRunner.runTest(SuiteRunner.java:357)
	at org.testng.SuiteRunner.runSequentially(SuiteRunner.java:352)
	at org.testng.SuiteRunner.privateRun(SuiteRunner.java:310)
	at org.testng.SuiteRunner.run(SuiteRunner.java:259)
	at org.testng.SuiteRunnerWorker.runSuite(SuiteRunnerWorker.java:52)
	at org.testng.SuiteRunnerWorker.run(SuiteRunnerWorker.java:86)
	at org.testng.TestNG.runSuitesSequentially(TestNG.java:1176)
	at org.testng.TestNG.runSuitesLocally(TestNG.java:1101)
	at org.testng.TestNG.run(TestNG.java:1009)
	at org.testng.remote.RemoteTestNG.run(RemoteTestNG.java:111)
	at org.testng.remote.RemoteTestNG.initAndRun(RemoteTestNG.java:204)
	at org.testng.remote.RemoteTestNG.main(RemoteTestNG.java:175)
Caused by: org.openqa.selenium.NoSuchElementException: Unable to locate element: {&quot;method&quot;:&quot;xpath&quot;,&quot;selector&quot;:&quot;html/body/div[1]/div[2]/table/tbody/tr/td[2]/form/div/div[1]/table/tbody/tr/td[2]/input[1]&quot;}
For documentation on this error, please visit: http://seleniumhq.org/exceptions/no_such_element.html
Build info: version: &apos;2.47.0&apos;, revision: &apos;0e4837e94b1fad0db93e88cd972ed3e235a22892&apos;, time: &apos;2015-07-29 15:58:41&apos;
System info: host: &apos;c312870.local&apos;, ip: &apos;192.168.1.4&apos;, os.name: &apos;Mac OS X&apos;, os.arch: &apos;x86_64&apos;, os.version: &apos;10.10.3&apos;, java.version: &apos;1.8.0_25&apos;
Driver info: driver.version: unknown
	at &lt;anonymous class&gt;.FirefoxDriver.prototype.findElementInternal_(file:///var/folders/q0/f1hqwf656jbbcby1h0ysjt1800019g/T/anonymous7355690922863477221webdriver-profile/extensions/fxdriver@googlecode.com/components/driver-component.js:10667)
	at &lt;anonymous class&gt;.FirefoxDriver.prototype.findElement(file:///var/folders/q0/f1hqwf656jbbcby1h0ysjt1800019g/T/anonymous7355690922863477221webdriver-profile/extensions/fxdriver@googlecode.com/components/driver-component.js:10676)
	at &lt;anonymous class&gt;.DelayedCommand.prototype.executeInternal_/h(file:///var/folders/q0/f1hqwf656jbbcby1h0ysjt1800019g/T/anonymous7355690922863477221webdriver-profile/extensions/fxdriver@googlecode.com/components/command-processor.js:12643)
	at &lt;anonymous class&gt;.DelayedCommand.prototype.executeInternal_(file:///var/folders/q0/f1hqwf656jbbcby1h0ysjt1800019g/T/anonymous7355690922863477221webdriver-profile/extensions/fxdriver@googlecode.com/components/command-processor.js:12648)
	at &lt;anonymous class&gt;.DelayedCommand.prototype.execute/&lt;(file:///var/folders/q0/f1hqwf656jbbcby1h0ysjt1800019g/T/anonymous7355690922863477221webdriver-profile/extensions/fxdriver@googlecode.com/components/command-processor.js:12590)

</div> <!-- stack-trace -->
                </div> <!-- method-content -->
              </div> <!-- method -->
            </div> <!-- main-panel-content rounded-window-bottom -->
          </div> <!-- suite-Salesforce_UAT_Test_Suite-class-failed -->
          <div class="suite-Salesforce_UAT_Test_Suite-class-passed">
            <div class="main-panel-header rounded-window-top">
              <img src="passed.png"/>
              <span class="class-name">UAT.Salesforce.TestSuite.Lead</span>
            </div> <!-- main-panel-header rounded-window-top -->
            <div class="main-panel-content rounded-window-bottom">
              <div class="method">
                <div class="method-content">
                  <a name="testLeads(Mr, Auto, British Gas Website, No Relationship, Upfront, )">
                  </a> <!-- testLeads(Mr, Auto, British Gas Website, No Relationship, Upfront, ) -->
                  <span class="method-name">testLeads</span>
                  <span class="parameters">(Mr, Auto, British Gas Website, No Relationship, Upfront, )</span>
                </div> <!-- method-content -->
              </div> <!-- method -->
            </div> <!-- main-panel-content rounded-window-bottom -->
          </div> <!-- suite-Salesforce_UAT_Test_Suite-class-passed -->
          <div class="suite-Salesforce_UAT_Test_Suite-class-passed">
            <div class="main-panel-header rounded-window-top">
              <img src="passed.png"/>
              <span class="class-name">UAT.Salesforce.TestSuite.Add</span>
            </div> <!-- main-panel-header rounded-window-top -->
            <div class="main-panel-content rounded-window-bottom">
              <div class="method">
                <div class="method-content">
                  <a name="testaddress">
                  </a> <!-- testaddress -->
                  <span class="method-name">testaddress</span>
                </div> <!-- method-content -->
              </div> <!-- method -->
            </div> <!-- main-panel-content rounded-window-bottom -->
          </div> <!-- suite-Salesforce_UAT_Test_Suite-class-passed -->
          <div class="suite-Salesforce_UAT_Test_Suite-class-passed">
            <div class="main-panel-header rounded-window-top">
              <img src="passed.png"/>
              <span class="class-name">UAT.Salesforce.TestSuite.Login</span>
            </div> <!-- main-panel-header rounded-window-top -->
            <div class="main-panel-content rounded-window-bottom">
              <div class="method">
                <div class="method-content">
                  <a name="loginFunc(sfdcsysadmin@bgch.co.uk.octopus.uat, Liverpool98)">
                  </a> <!-- loginFunc(sfdcsysadmin@bgch.co.uk.octopus.uat, Liverpool98) -->
                  <span class="method-name">loginFunc</span>
                  <span class="parameters">(sfdcsysadmin@bgch.co.uk.octopus.uat, Liverpool98)</span>
                </div> <!-- method-content -->
              </div> <!-- method -->
            </div> <!-- main-panel-content rounded-window-bottom -->
          </div> <!-- suite-Salesforce_UAT_Test_Suite-class-passed -->
        </div> <!-- panel Salesforce_UAT_Test_Suite -->
        <div panel-name="test-xml-Salesforce_UAT_Test_Suite" class="panel">
          <div class="main-panel-header rounded-window-top">
            <span class="header-content">/Users/simranjeet.singh/Documents/workspace/Salesforce/testng.xml</span>
          </div> <!-- main-panel-header rounded-window-top -->
          <div class="main-panel-content rounded-window-bottom">
            <pre>
&lt;?xml version=&quot;1.0&quot; encoding=&quot;UTF-8&quot;?&gt;
&lt;!DOCTYPE suite SYSTEM &quot;http://testng.org/testng-1.0.dtd&quot;&gt;
&lt;suite guice-stage=&quot;DEVELOPMENT&quot; name=&quot;Salesforce UAT Test Suite&quot;&gt;
  &lt;parameter name=&quot;browser&quot; value=&quot;firefox&quot;/&gt;
  &lt;test verbose=&quot;2&quot; name=&quot;Default test&quot;&gt;
    &lt;classes&gt;
      &lt;class name=&quot;UAT.Salesforce.TestSuite.Login&quot;/&gt;
      &lt;class name=&quot;UAT.Salesforce.TestSuite.Lead&quot;/&gt;
      &lt;class name=&quot;UAT.Salesforce.TestSuite.Pack&quot;/&gt;
      &lt;class name=&quot;UAT.Salesforce.TestSuite.Add&quot;/&gt;
    &lt;/classes&gt;
  &lt;/test&gt; &lt;!-- Default test --&gt;
&lt;/suite&gt; &lt;!-- Salesforce UAT Test Suite --&gt;
            </pre>
          </div> <!-- main-panel-content rounded-window-bottom -->
        </div> <!-- panel -->
        <div panel-name="testlist-Salesforce_UAT_Test_Suite" class="panel">
          <div class="main-panel-header rounded-window-top">
            <span class="header-content">Tests for Salesforce UAT Test Suite</span>
          </div> <!-- main-panel-header rounded-window-top -->
          <div class="main-panel-content rounded-window-bottom">
            <ul>
              <li>
                <span class="test-name">Default test (4 classes)</span>
              </li>
            </ul>
          </div> <!-- main-panel-content rounded-window-bottom -->
        </div> <!-- panel -->
        <div panel-name="group-Salesforce_UAT_Test_Suite" class="panel">
          <div class="main-panel-header rounded-window-top">
            <span class="header-content">Groups for Salesforce UAT Test Suite</span>
          </div> <!-- main-panel-header rounded-window-top -->
          <div class="main-panel-content rounded-window-bottom">
          </div> <!-- main-panel-content rounded-window-bottom -->
        </div> <!-- panel -->
        <div panel-name="times-Salesforce_UAT_Test_Suite" class="panel">
          <div class="main-panel-header rounded-window-top">
            <span class="header-content">Times for Salesforce UAT Test Suite</span>
          </div> <!-- main-panel-header rounded-window-top -->
          <div class="main-panel-content rounded-window-bottom">
            <div class="times-div">
              <script type="text/javascript">
suiteTableInitFunctions.push('tableData_Salesforce_UAT_Test_Suite');
function tableData_Salesforce_UAT_Test_Suite() {
var data = new google.visualization.DataTable();
data.addColumn('number', 'Number');
data.addColumn('string', 'Method');
data.addColumn('string', 'Class');
data.addColumn('number', 'Time (ms)');
data.addRows(4);
data.setCell(0, 0, 0)
data.setCell(0, 1, 'testLeads')
data.setCell(0, 2, 'UAT.Salesforce.TestSuite.Lead')
data.setCell(0, 3, 26019);
data.setCell(1, 0, 1)
data.setCell(1, 1, 'testaddress')
data.setCell(1, 2, 'UAT.Salesforce.TestSuite.Add')
data.setCell(1, 3, 10613);
data.setCell(2, 0, 2)
data.setCell(2, 1, 'loginFunc')
data.setCell(2, 2, 'UAT.Salesforce.TestSuite.Login')
data.setCell(2, 3, 8892);
data.setCell(3, 0, 3)
data.setCell(3, 1, 'testLeads')
data.setCell(3, 2, 'UAT.Salesforce.TestSuite.Pack')
data.setCell(3, 3, 5564);
window.suiteTableData['Salesforce_UAT_Test_Suite']= { tableData: data, tableDiv: 'times-div-Salesforce_UAT_Test_Suite'}
return data;
}
              </script>
              <span class="suite-total-time">Total running time: 51 seconds</span>
              <div id="times-div-Salesforce_UAT_Test_Suite">
              </div> <!-- times-div-Salesforce_UAT_Test_Suite -->
            </div> <!-- times-div -->
          </div> <!-- main-panel-content rounded-window-bottom -->
        </div> <!-- panel -->
        <div panel-name="reporter-Salesforce_UAT_Test_Suite" class="panel">
          <div class="main-panel-header rounded-window-top">
            <span class="header-content">Reporter output for Salesforce UAT Test Suite</span>
          </div> <!-- main-panel-header rounded-window-top -->
          <div class="main-panel-content rounded-window-bottom">
          </div> <!-- main-panel-content rounded-window-bottom -->
        </div> <!-- panel -->
        <div panel-name="ignored-methods-Salesforce_UAT_Test_Suite" class="panel">
          <div class="main-panel-header rounded-window-top">
            <span class="header-content">6 ignored methods</span>
          </div> <!-- main-panel-header rounded-window-top -->
          <div class="main-panel-content rounded-window-bottom">
            <div class="ignored-class-div">
              <span class="ignored-class-name">UAT.Salesforce.TestSuite.Lead</span>
              <div class="ignored-methods-div">
                <span class="ignored-method-name">setup</span>
                <br/>
                <span class="ignored-method-name">closeFunction</span>
                <br/>
              </div> <!-- ignored-methods-div -->
            </div> <!-- ignored-class-div -->
            <div class="ignored-class-div">
              <span class="ignored-class-name">UAT.Salesforce.TestSuite.Add</span>
              <div class="ignored-methods-div">
                <span class="ignored-method-name">setup</span>
                <br/>
                <span class="ignored-method-name">closeFunction</span>
                <br/>
              </div> <!-- ignored-methods-div -->
            </div> <!-- ignored-class-div -->
            <div class="ignored-class-div">
              <span class="ignored-class-name">UAT.Salesforce.TestSuite.Pack</span>
              <div class="ignored-methods-div">
                <span class="ignored-method-name">setup</span>
                <br/>
                <span class="ignored-method-name">closeFunction</span>
                <br/>
              </div> <!-- ignored-methods-div -->
            </div> <!-- ignored-class-div -->
          </div> <!-- main-panel-content rounded-window-bottom -->
        </div> <!-- panel -->
        <div panel-name="chronological-Salesforce_UAT_Test_Suite" class="panel">
          <div class="main-panel-header rounded-window-top">
            <span class="header-content">Methods in chronological order</span>
          </div> <!-- main-panel-header rounded-window-top -->
          <div class="main-panel-content rounded-window-bottom">
            <div class="chronological-class">
              <div class="chronological-class-name">UAT.Salesforce.TestSuite.Login</div> <!-- chronological-class-name -->
              <div class="configuration-suite before">
                <span class="method-name">setup(firefox)</span>
                <span class="method-start">0 ms</span>
              </div> <!-- configuration-suite before -->
              <div class="test-method">
                <span class="method-name">loginFunc(sfdcsysadmin@bgch.co.uk.octopus.uat, Liverpool98)</span>
                <span class="method-start">5291 ms</span>
              </div> <!-- test-method -->
            </div> <!-- chronological-class -->
            <div class="chronological-class">
              <div class="chronological-class-name">UAT.Salesforce.TestSuite.Lead</div> <!-- chronological-class-name -->
              <div class="test-method">
                <span class="method-name">testLeads(Mr, Auto, British Gas Website, No Relationship, Upfront, )</span>
                <span class="method-start">14186 ms</span>
              </div> <!-- test-method -->
            </div> <!-- chronological-class -->
            <div class="chronological-class">
              <div class="chronological-class-name">UAT.Salesforce.TestSuite.Pack</div> <!-- chronological-class-name -->
              <div class="test-method">
                <img src="failed.png">
                </img>
                <span class="method-name">testLeads(Standard - £199, , Single Channel)</span>
                <span class="method-start">40207 ms</span>
              </div> <!-- test-method -->
            </div> <!-- chronological-class -->
            <div class="chronological-class">
              <div class="chronological-class-name">UAT.Salesforce.TestSuite.Add</div> <!-- chronological-class-name -->
              <div class="test-method">
                <span class="method-name">testaddress</span>
                <span class="method-start">45774 ms</span>
              </div> <!-- test-method -->
            </div> <!-- chronological-class -->
            <div class="chronological-class">
              <div class="chronological-class-name">UAT.Salesforce.TestSuite.Login</div> <!-- chronological-class-name -->
              <div class="configuration-suite after">
                <span class="method-name">closeFunction</span>
                <span class="method-start">56408 ms</span>
              </div> <!-- configuration-suite after -->
          </div> <!-- main-panel-content rounded-window-bottom -->
        </div> <!-- panel -->
      </div> <!-- main-panel-root -->
    </div> <!-- wrapper -->
  </body>
</html>
