<?xml version="1.0" encoding="UTF-8"?>
<testng-results skipped="0" failed="1" total="4" passed="3">
  <reporter-output>
  </reporter-output>
  <suite name="Salesforce UAT Test Suite" duration-ms="51108" started-at="2015-08-19T18:17:46Z" finished-at="2015-08-19T18:18:37Z">
    <groups>
    </groups>
    <test name="Default test" duration-ms="51108" started-at="2015-08-19T18:17:46Z" finished-at="2015-08-19T18:18:37Z">
      <class name="UAT.Salesforce.TestSuite.Add">
        <test-method status="PASS" signature="testaddress()[pri:0, instance:UAT.Salesforce.TestSuite.Add@7f560810]" name="testaddress" duration-ms="10613" started-at="2015-08-19T23:48:27Z" finished-at="2015-08-19T23:48:37Z">
          <reporter-output>
          </reporter-output>
        </test-method> <!-- testaddress -->
      </class> <!-- UAT.Salesforce.TestSuite.Add -->
      <class name="UAT.Salesforce.TestSuite.Login">
        <test-method status="PASS" signature="setup(java.lang.String)[pri:0, instance:UAT.Salesforce.TestSuite.Login@6537cf78]" name="setup" is-config="true" duration-ms="5280" started-at="2015-08-19T23:47:41Z" finished-at="2015-08-19T23:47:46Z">
          <params>
            <param index="0">
              <value>
                <![CDATA[firefox]]>
              </value>
            </param>
          </params>
          <reporter-output>
          </reporter-output>
        </test-method> <!-- setup -->
        <test-method status="PASS" signature="loginFunc(java.lang.String, java.lang.String)[pri:0, instance:UAT.Salesforce.TestSuite.Login@6537cf78]" name="loginFunc" duration-ms="8892" started-at="2015-08-19T23:47:46Z" data-provider="login" finished-at="2015-08-19T23:47:55Z">
          <params>
            <param index="0">
              <value>
                <![CDATA[sfdcsysadmin@bgch.co.uk.octopus.uat]]>
              </value>
            </param>
            <param index="1">
              <value>
                <![CDATA[Liverpool98]]>
              </value>
            </param>
          </params>
          <reporter-output>
          </reporter-output>
        </test-method> <!-- loginFunc -->
        <test-method status="PASS" signature="closeFunction()[pri:0, instance:UAT.Salesforce.TestSuite.Login@6537cf78]" name="closeFunction" is-config="true" duration-ms="0" started-at="2015-08-19T23:48:37Z" finished-at="2015-08-19T23:48:37Z">
          <reporter-output>
          </reporter-output>
        </test-method> <!-- closeFunction -->
      </class> <!-- UAT.Salesforce.TestSuite.Login -->
      <class name="UAT.Salesforce.TestSuite.Lead">
        <test-method status="PASS" signature="testLeads(java.lang.String, java.lang.String, java.lang.String, java.lang.String, java.lang.String, java.lang.String)[pri:0, instance:UAT.Salesforce.TestSuite.Lead@26f67b76]" name="testLeads" duration-ms="26019" started-at="2015-08-19T23:47:55Z" data-provider="leadform" finished-at="2015-08-19T23:48:21Z">
          <params>
            <param index="0">
              <value>
                <![CDATA[Mr]]>
              </value>
            </param>
            <param index="1">
              <value>
                <![CDATA[Auto]]>
              </value>
            </param>
            <param index="2">
              <value>
                <![CDATA[British Gas Website]]>
              </value>
            </param>
            <param index="3">
              <value>
                <![CDATA[No Relationship]]>
              </value>
            </param>
            <param index="4">
              <value>
                <![CDATA[Upfront]]>
              </value>
            </param>
            <param index="5">
              <value>
                <![CDATA[]]>
              </value>
            </param>
          </params>
          <reporter-output>
          </reporter-output>
        </test-method> <!-- testLeads -->
      </class> <!-- UAT.Salesforce.TestSuite.Lead -->
      <class name="UAT.Salesforce.TestSuite.Pack">
        <test-method status="FAIL" signature="testLeads(java.lang.String, java.lang.String, java.lang.String)[pri:0, instance:UAT.Salesforce.TestSuite.Pack@153f5a29]" name="testLeads" duration-ms="5564" started-at="2015-08-19T23:48:21Z" data-provider="packdata" finished-at="2015-08-19T23:48:27Z">
          <params>
            <param index="0">
              <value>
                <![CDATA[Standard - Â£199]]>
              </value>
            </param>
            <param index="1">
              <value>
                <![CDATA[]]>
              </value>
            </param>
            <param index="2">
              <value>
                <![CDATA[Single Channel]]>
              </value>
            </param>
          </params>
          <exception class="org.openqa.selenium.NoSuchElementException">
            <message>
              <![CDATA[Unable to locate element: {"method":"xpath","selector":"html/body/div[1]/div[2]/table/tbody/tr/td[2]/form/div/div[1]/table/tbody/tr/td[2]/input[1]"}
Command duration or timeout: 23 milliseconds
For documentation on this error, please visit: http://seleniumhq.org/exceptions/no_such_element.html
Build info: version: '2.47.0', revision: '0e4837e94b1fad0db93e88cd972ed3e235a22892', time: '2015-07-29 15:58:41'
System info: host: 'c312870.local', ip: '192.168.1.4', os.name: 'Mac OS X', os.arch: 'x86_64', os.version: '10.10.3', java.version: '1.8.0_25'
Driver info: org.openqa.selenium.firefox.FirefoxDriver
Capabilities [{applicationCacheEnabled=true, rotatable=false, handlesAlerts=true, databaseEnabled=true, version=36.0, platform=MAC, nativeEvents=false, acceptSslCerts=true, webStorageEnabled=true, locationContextEnabled=true, browserName=firefox, takesScreenshot=true, javascriptEnabled=true, cssSelectorsEnabled=true}]
Session ID: 82b2ce47-9555-5647-90e6-87d1c0498526
*** Element info: {Using=xpath, value=html/body/div[1]/div[2]/table/tbody/tr/td[2]/form/div/div[1]/table/tbody/tr/td[2]/input[1]}]]>
            </message>
            <full-stacktrace>
              <![CDATA[org.openqa.selenium.NoSuchElementException: Unable to locate element: {"method":"xpath","selector":"html/body/div[1]/div[2]/table/tbody/tr/td[2]/form/div/div[1]/table/tbody/tr/td[2]/input[1]"}
Command duration or timeout: 23 milliseconds
For documentation on this error, please visit: http://seleniumhq.org/exceptions/no_such_element.html
Build info: version: '2.47.0', revision: '0e4837e94b1fad0db93e88cd972ed3e235a22892', time: '2015-07-29 15:58:41'
System info: host: 'c312870.local', ip: '192.168.1.4', os.name: 'Mac OS X', os.arch: 'x86_64', os.version: '10.10.3', java.version: '1.8.0_25'
Driver info: org.openqa.selenium.firefox.FirefoxDriver
Capabilities [{applicationCacheEnabled=true, rotatable=false, handlesAlerts=true, databaseEnabled=true, version=36.0, platform=MAC, nativeEvents=false, acceptSslCerts=true, webStorageEnabled=true, locationContextEnabled=true, browserName=firefox, takesScreenshot=true, javascriptEnabled=true, cssSelectorsEnabled=true}]
Session ID: 82b2ce47-9555-5647-90e6-87d1c0498526
*** Element info: {Using=xpath, value=html/body/div[1]/div[2]/table/tbody/tr/td[2]/form/div/div[1]/table/tbody/tr/td[2]/input[1]}
	at sun.reflect.NativeConstructorAccessorImpl.newInstance0(Native Method)
	at sun.reflect.NativeConstructorAccessorImpl.newInstance(NativeConstructorAccessorImpl.java:62)
	at sun.reflect.DelegatingConstructorAccessorImpl.newInstance(DelegatingConstructorAccessorImpl.java:45)
	at java.lang.reflect.Constructor.newInstance(Constructor.java:408)
	at org.openqa.selenium.remote.ErrorHandler.createThrowable(ErrorHandler.java:206)
	at org.openqa.selenium.remote.ErrorHandler.throwIfResponseFailed(ErrorHandler.java:158)
	at org.openqa.selenium.remote.RemoteWebDriver.execute(RemoteWebDriver.java:595)
	at org.openqa.selenium.remote.RemoteWebDriver.findElement(RemoteWebDriver.java:348)
	at org.openqa.selenium.remote.RemoteWebDriver.findElementByXPath(RemoteWebDriver.java:445)
	at org.openqa.selenium.By$ByXPath.findElement(By.java:358)
	at org.openqa.selenium.remote.RemoteWebDriver.findElement(RemoteWebDriver.java:340)
	at UAT.Salesforce.TestSuite.Pack.testLeads(Pack.java:43)
	at sun.reflect.NativeMethodAccessorImpl.invoke0(Native Method)
	at sun.reflect.NativeMethodAccessorImpl.invoke(NativeMethodAccessorImpl.java:62)
	at sun.reflect.DelegatingMethodAccessorImpl.invoke(DelegatingMethodAccessorImpl.java:43)
	at java.lang.reflect.Method.invoke(Method.java:483)
	at org.testng.internal.MethodInvocationHelper.invokeMethod(MethodInvocationHelper.java:85)
	at org.testng.internal.Invoker.invokeMethod(Invoker.java:648)
	at org.testng.internal.Invoker.invokeTestMethod(Invoker.java:834)
	at org.testng.internal.Invoker.invokeTestMethods(Invoker.java:1142)
	at org.testng.internal.TestMethodWorker.invokeTestMethods(TestMethodWorker.java:124)
	at org.testng.internal.TestMethodWorker.run(TestMethodWorker.java:108)
	at org.testng.TestRunner.privateRun(TestRunner.java:771)
	at org.testng.TestRunner.run(TestRunner.java:621)
	at org.testng.SuiteRunner.runTest(SuiteRunner.java:357)
	at org.testng.SuiteRunner.runSequentially(SuiteRunner.java:352)
	at org.testng.SuiteRunner.privateRun(SuiteRunner.java:310)
	at org.testng.SuiteRunner.run(SuiteRunner.java:259)
	at org.testng.SuiteRunnerWorker.runSuite(SuiteRunnerWorker.java:52)
	at org.testng.SuiteRunnerWorker.run(SuiteRunnerWorker.java:86)
	at org.testng.TestNG.runSuitesSequentially(TestNG.java:1176)
	at org.testng.TestNG.runSuitesLocally(TestNG.java:1101)
	at org.testng.TestNG.run(TestNG.java:1009)
	at org.testng.remote.RemoteTestNG.run(RemoteTestNG.java:111)
	at org.testng.remote.RemoteTestNG.initAndRun(RemoteTestNG.java:204)
	at org.testng.remote.RemoteTestNG.main(RemoteTestNG.java:175)
Caused by: org.openqa.selenium.NoSuchElementException: Unable to locate element: {"method":"xpath","selector":"html/body/div[1]/div[2]/table/tbody/tr/td[2]/form/div/div[1]/table/tbody/tr/td[2]/input[1]"}
For documentation on this error, please visit: http://seleniumhq.org/exceptions/no_such_element.html
Build info: version: '2.47.0', revision: '0e4837e94b1fad0db93e88cd972ed3e235a22892', time: '2015-07-29 15:58:41'
System info: host: 'c312870.local', ip: '192.168.1.4', os.name: 'Mac OS X', os.arch: 'x86_64', os.version: '10.10.3', java.version: '1.8.0_25'
Driver info: driver.version: unknown
	at <anonymous class>.FirefoxDriver.prototype.findElementInternal_(file:///var/folders/q0/f1hqwf656jbbcby1h0ysjt1800019g/T/anonymous7355690922863477221webdriver-profile/extensions/fxdriver@googlecode.com/components/driver-component.js:10667)
	at <anonymous class>.FirefoxDriver.prototype.findElement(file:///var/folders/q0/f1hqwf656jbbcby1h0ysjt1800019g/T/anonymous7355690922863477221webdriver-profile/extensions/fxdriver@googlecode.com/components/driver-component.js:10676)
	at <anonymous class>.DelayedCommand.prototype.executeInternal_/h(file:///var/folders/q0/f1hqwf656jbbcby1h0ysjt1800019g/T/anonymous7355690922863477221webdriver-profile/extensions/fxdriver@googlecode.com/components/command-processor.js:12643)
	at <anonymous class>.DelayedCommand.prototype.executeInternal_(file:///var/folders/q0/f1hqwf656jbbcby1h0ysjt1800019g/T/anonymous7355690922863477221webdriver-profile/extensions/fxdriver@googlecode.com/components/command-processor.js:12648)
	at <anonymous class>.DelayedCommand.prototype.execute/<(file:///var/folders/q0/f1hqwf656jbbcby1h0ysjt1800019g/T/anonymous7355690922863477221webdriver-profile/extensions/fxdriver@googlecode.com/components/command-processor.js:12590)
]]>
            </full-stacktrace>
          </exception> <!-- org.openqa.selenium.NoSuchElementException -->
          <reporter-output>
          </reporter-output>
        </test-method> <!-- testLeads -->
      </class> <!-- UAT.Salesforce.TestSuite.Pack -->
    </test> <!-- Default test -->
  </suite> <!-- Salesforce UAT Test Suite -->
</testng-results>
